2022-11-03 08:53:50.140  INFO 19504 --- [main] com.demo.spring.OwnerApplication         : Starting OwnerApplication using Java 11 on WKWIN1236584 with PID 19504 (C:\MockProject\spring-petclinic-mockproject\owner-service\target\classes started by hawvigne in C:\MockProject\spring-petclinic-mockproject\owner-service)
2022-11-03 08:53:50.167  INFO 19504 --- [main] com.demo.spring.OwnerApplication         : No active profile set, falling back to 1 default profile: "default"
2022-11-03 08:53:50.484  INFO 19504 --- [main] o.s.c.c.c.ConfigServerConfigDataLoader   : Fetching config from server at : http://localhost:8888/
2022-11-03 08:53:50.484  INFO 19504 --- [main] o.s.c.c.c.ConfigServerConfigDataLoader   : Connect Timeout Exception on Url - http://localhost:8888/. Will be trying the next url if available
2022-11-03 08:53:50.487  WARN 19504 --- [main] o.s.c.c.c.ConfigServerConfigDataLoader   : Could not locate PropertySource ([ConfigServerConfigDataResource@a7f0ab6 uris = array<String>['http://localhost:8888/'], optional = true, profiles = list['default']]): I/O error on GET request for "http://localhost:8888/owner-service/default": Connection refused: connect; nested exception is java.net.ConnectException: Connection refused: connect
2022-11-03 08:53:55.349  INFO 19504 --- [main] .s.d.r.c.RepositoryConfigurationDelegate : Bootstrapping Spring Data JPA repositories in DEFAULT mode.
2022-11-03 08:53:56.434  INFO 19504 --- [main] .s.d.r.c.RepositoryConfigurationDelegate : Finished Spring Data repository scanning in 1069 ms. Found 2 JPA repository interfaces.
2022-11-03 08:53:57.372  INFO 19504 --- [main] o.s.cloud.context.scope.GenericScope     : BeanFactory id=07970f8d-7844-3348-a304-fdbdf8dbf82d
2022-11-03 08:53:59.249  INFO 19504 --- [main] o.s.b.w.embedded.tomcat.TomcatWebServer  : Tomcat initialized with port(s): 8181 (http)
2022-11-03 08:53:59.282  INFO 19504 --- [main] o.apache.catalina.core.StandardService   : Starting service [Tomcat]
2022-11-03 08:53:59.283  INFO 19504 --- [main] org.apache.catalina.core.StandardEngine  : Starting Servlet engine: [Apache Tomcat/9.0.65]
2022-11-03 08:54:00.066  INFO 19504 --- [main] o.a.c.c.C.[Tomcat].[localhost].[/]       : Initializing Spring embedded WebApplicationContext
2022-11-03 08:54:00.066  INFO 19504 --- [main] w.s.c.ServletWebServerApplicationContext : Root WebApplicationContext: initialization completed in 9576 ms
2022-11-03 08:54:00.560 ERROR 19504 --- [main] o.s.b.web.embedded.tomcat.TomcatStarter  : Error starting Tomcat context. Exception: org.springframework.beans.factory.UnsatisfiedDependencyException. Message: Error creating bean with name 'webMvcMetricsFilter' defined in class path resource [org/springframework/boot/actuate/autoconfigure/metrics/web/servlet/WebMvcMetricsAutoConfiguration.class]: Unsatisfied dependency expressed through method 'webMvcMetricsFilter' parameter 0; nested exception is org.springframework.beans.factory.BeanCreationException: Error creating bean with name 'prometheusMeterRegistry' defined in class path resource [org/springframework/boot/actuate/autoconfigure/metrics/export/prometheus/PrometheusMetricsExportAutoConfiguration.class]: Initialization of bean failed; nested exception is org.springframework.beans.factory.UnsatisfiedDependencyException: Error creating bean with name 'dataSourcePoolMetadataMeterBinder' defined in class path resource [org/springframework/boot/actuate/autoconfigure/metrics/jdbc/DataSourcePoolMetricsAutoConfiguration$DataSourcePoolMetadataMetricsConfiguration.class]: Unsatisfied dependency expressed through method 'dataSourcePoolMetadataMeterBinder' parameter 0; nested exception is org.springframework.beans.factory.BeanCreationException: Error creating bean with name 'dataSource' defined in class path resource [org/springframework/boot/autoconfigure/jdbc/DataSourceConfiguration$Hikari.class]: Bean instantiation via factory method failed; nested exception is org.springframework.beans.BeanInstantiationException: Failed to instantiate [com.zaxxer.hikari.HikariDataSource]: Factory method 'dataSource' threw exception; nested exception is org.springframework.boot.autoconfigure.jdbc.DataSourceProperties$DataSourceBeanCreationException: Failed to determine a suitable driver class
2022-11-03 08:54:00.901  INFO 19504 --- [main] o.apache.catalina.core.StandardService   : Stopping service [Tomcat]
2022-11-03 08:54:00.969  WARN 19504 --- [main] ConfigServletWebServerApplicationContext : Exception encountered during context initialization - cancelling refresh attempt: org.springframework.context.ApplicationContextException: Unable to start web server; nested exception is org.springframework.boot.web.server.WebServerException: Unable to start embedded Tomcat
2022-11-03 08:54:01.153  INFO 19504 --- [main] ConditionEvaluationReportLoggingListener : 

Error starting ApplicationContext. To display the conditions report re-run your application with 'debug' enabled.
2022-11-03 08:54:01.194 ERROR 19504 --- [main] o.s.b.d.LoggingFailureAnalysisReporter   : 

***************************
APPLICATION FAILED TO START
***************************

Description:

Failed to configure a DataSource: 'url' attribute is not specified and no embedded datasource could be configured.

Reason: Failed to determine a suitable driver class


Action:

Consider the following:
	If you want an embedded database (H2, HSQL or Derby), please put it on the classpath.
	If you have database settings to be loaded from a particular profile you may need to activate it (no profiles are currently active).

2022-11-03 08:54:51.575  INFO 25656 --- [main] com.demo.spring.OwnerApplication         : Starting OwnerApplication using Java 11 on WKWIN1236584 with PID 25656 (C:\MockProject\spring-petclinic-mockproject\owner-service\target\classes started by hawvigne in C:\MockProject\spring-petclinic-mockproject\owner-service)
2022-11-03 08:54:51.577  INFO 25656 --- [main] com.demo.spring.OwnerApplication         : No active profile set, falling back to 1 default profile: "default"
2022-11-03 08:54:51.609  INFO 25656 --- [main] o.s.c.c.c.ConfigServerConfigDataLoader   : Fetching config from server at : http://localhost:8888/
2022-11-03 08:54:51.609  INFO 25656 --- [main] o.s.c.c.c.ConfigServerConfigDataLoader   : Located environment: name=owner-service, profiles=[default], label=null, version=3764ca5853dfd012234306a56dbba6e840569ec7, state=null
2022-11-03 08:54:52.439  INFO 25656 --- [main] .s.d.r.c.RepositoryConfigurationDelegate : Bootstrapping Spring Data JPA repositories in DEFAULT mode.
2022-11-03 08:54:52.605  INFO 25656 --- [main] .s.d.r.c.RepositoryConfigurationDelegate : Finished Spring Data repository scanning in 154 ms. Found 2 JPA repository interfaces.
2022-11-03 08:54:52.853  INFO 25656 --- [main] o.s.cloud.context.scope.GenericScope     : BeanFactory id=07970f8d-7844-3348-a304-fdbdf8dbf82d
2022-11-03 08:54:53.173  INFO 25656 --- [main] o.s.b.w.embedded.tomcat.TomcatWebServer  : Tomcat initialized with port(s): 8181 (http)
2022-11-03 08:54:53.186  INFO 25656 --- [main] o.apache.catalina.core.StandardService   : Starting service [Tomcat]
2022-11-03 08:54:53.186  INFO 25656 --- [main] org.apache.catalina.core.StandardEngine  : Starting Servlet engine: [Apache Tomcat/9.0.65]
2022-11-03 08:54:53.329  INFO 25656 --- [main] o.a.c.c.C.[Tomcat].[localhost].[/]       : Initializing Spring embedded WebApplicationContext
2022-11-03 08:54:53.330  INFO 25656 --- [main] w.s.c.ServletWebServerApplicationContext : Root WebApplicationContext: initialization completed in 1719 ms
2022-11-03 08:54:53.579  INFO 25656 --- [main] o.hibernate.jpa.internal.util.LogHelper  : HHH000204: Processing PersistenceUnitInfo [name: default]
2022-11-03 08:54:53.616  INFO 25656 --- [main] org.hibernate.Version                    : HHH000412: Hibernate ORM core version 5.6.11.Final
2022-11-03 08:54:53.736  INFO 25656 --- [main] o.hibernate.annotations.common.Version   : HCANN000001: Hibernate Commons Annotations {5.1.2.Final}
2022-11-03 08:54:53.812  INFO 25656 --- [main] com.zaxxer.hikari.HikariDataSource       : HikariPool-1 - Starting...
2022-11-03 08:54:53.899  INFO 25656 --- [main] com.zaxxer.hikari.HikariDataSource       : HikariPool-1 - Start completed.
2022-11-03 08:54:53.924  INFO 25656 --- [main] org.hibernate.dialect.Dialect            : HHH000400: Using dialect: org.hibernate.dialect.MariaDB106Dialect
2022-11-03 08:54:54.446  INFO 25656 --- [main] o.h.e.t.j.p.i.JtaPlatformInitiator       : HHH000490: Using JtaPlatform implementation: [org.hibernate.engine.transaction.jta.platform.internal.NoJtaPlatform]
2022-11-03 08:54:54.453  INFO 25656 --- [main] j.LocalContainerEntityManagerFactoryBean : Initialized JPA EntityManagerFactory for persistence unit 'default'
2022-11-03 08:54:54.905  WARN 25656 --- [main] JpaBaseConfiguration$JpaWebConfiguration : spring.jpa.open-in-view is enabled by default. Therefore, database queries may be performed during view rendering. Explicitly configure spring.jpa.open-in-view to disable this warning
2022-11-03 08:54:57.105  INFO 25656 --- [main] o.s.cloud.commons.util.InetUtils         : Cannot determine local hostname
2022-11-03 08:54:58.406  INFO 25656 --- [RMI TCP Connection(3)-127.0.0.1] o.a.c.c.C.[Tomcat].[localhost].[/]       : Initializing Spring DispatcherServlet 'dispatcherServlet'
2022-11-03 08:54:58.407  INFO 25656 --- [RMI TCP Connection(3)-127.0.0.1] o.s.web.servlet.DispatcherServlet        : Initializing Servlet 'dispatcherServlet'
2022-11-03 08:54:58.740  INFO 25656 --- [main] o.s.cloud.commons.util.InetUtils         : Cannot determine local hostname
2022-11-03 08:54:58.752  INFO 25656 --- [RMI TCP Connection(3)-127.0.0.1] o.s.b.a.e.web.EndpointLinksResolver      : Exposing 2 endpoint(s) beneath base path '/actuator'
2022-11-03 08:54:58.770  INFO 25656 --- [RMI TCP Connection(3)-127.0.0.1] o.s.web.servlet.DispatcherServlet        : Completed initialization in 363 ms
2022-11-03 08:54:58.771  INFO 25656 --- [main] DiscoveryClientOptionalArgsConfiguration : Eureka HTTP Client uses RestTemplate.
2022-11-03 08:54:58.850  WARN 25656 --- [main] iguration$LoadBalancerCaffeineWarnLogger : Spring Cloud LoadBalancer is currently working with the default cache. While this cache implementation is useful for development and tests, it's recommended to use Caffeine cache in production.You can switch to using Caffeine cache, by adding it and org.springframework.cache.caffeine.CaffeineCacheManager to the classpath.
2022-11-03 08:54:58.930  INFO 25656 --- [main] o.s.c.n.eureka.InstanceInfoFactory       : Setting initial instance status as: STARTING
2022-11-03 08:54:59.007  INFO 25656 --- [main] com.netflix.discovery.DiscoveryClient    : Initializing Eureka in region us-east-1
2022-11-03 08:54:59.014  INFO 25656 --- [main] c.n.d.s.r.aws.ConfigClusterResolver      : Resolving eureka endpoints via configuration
2022-11-03 08:54:59.093  INFO 25656 --- [main] com.netflix.discovery.DiscoveryClient    : Disable delta property : false
2022-11-03 08:54:59.093  INFO 25656 --- [main] com.netflix.discovery.DiscoveryClient    : Single vip registry refresh property : null
2022-11-03 08:54:59.094  INFO 25656 --- [main] com.netflix.discovery.DiscoveryClient    : Force full registry fetch : false
2022-11-03 08:54:59.094  INFO 25656 --- [main] com.netflix.discovery.DiscoveryClient    : Application is null : false
2022-11-03 08:54:59.094  INFO 25656 --- [main] com.netflix.discovery.DiscoveryClient    : Registered Applications size is zero : true
2022-11-03 08:54:59.094  INFO 25656 --- [main] com.netflix.discovery.DiscoveryClient    : Application version is -1: true
2022-11-03 08:54:59.094  INFO 25656 --- [main] com.netflix.discovery.DiscoveryClient    : Getting all instance registry info from the eureka server
2022-11-03 08:54:59.468  INFO 25656 --- [main] com.netflix.discovery.DiscoveryClient    : The response status is 200
2022-11-03 08:54:59.472  INFO 25656 --- [main] com.netflix.discovery.DiscoveryClient    : Starting heartbeat executor: renew interval is: 30
2022-11-03 08:54:59.475  INFO 25656 --- [main] c.n.discovery.InstanceInfoReplicator     : InstanceInfoReplicator onDemand update allowed rate per min is 4
2022-11-03 08:54:59.480  INFO 25656 --- [main] com.netflix.discovery.DiscoveryClient    : Discovery Client initialized at timestamp 1667445899478 with initial instances count: 1
2022-11-03 08:54:59.482  INFO 25656 --- [main] o.s.c.n.e.s.EurekaServiceRegistry        : Registering application OWNER-SERVICE with eureka with status UP
2022-11-03 08:54:59.482  INFO 25656 --- [main] com.netflix.discovery.DiscoveryClient    : Saw local status change event StatusChangeEvent [timestamp=1667445899482, current=UP, previous=STARTING]
2022-11-03 08:54:59.484  INFO 25656 --- [DiscoveryClient-InstanceInfoReplicator-0] com.netflix.discovery.DiscoveryClient    : DiscoveryClient_OWNER-SERVICE/localhost:owner-service:8181: registering service...
2022-11-03 08:54:59.515  INFO 25656 --- [main] o.s.b.w.embedded.tomcat.TomcatWebServer  : Tomcat started on port(s): 8181 (http) with context path ''
2022-11-03 08:54:59.516  INFO 25656 --- [main] .s.c.n.e.s.EurekaAutoServiceRegistration : Updating port to 8181
2022-11-03 08:54:59.517  INFO 25656 --- [DiscoveryClient-InstanceInfoReplicator-0] com.netflix.discovery.DiscoveryClient    : DiscoveryClient_OWNER-SERVICE/localhost:owner-service:8181 - registration status: 204
2022-11-03 08:55:00.953  INFO 25656 --- [main] o.s.cloud.commons.util.InetUtils         : Cannot determine local hostname
2022-11-03 08:55:00.956  INFO 25656 --- [main] com.demo.spring.OwnerApplication         : Started OwnerApplication in 21.207 seconds (JVM running for 22.229)
2022-11-03 08:55:31.563  INFO 24768 --- [main] com.demo.spring.OwnerRestControllerTest  : Starting OwnerRestControllerTest using Java 11 on WKWIN1236584 with PID 24768 (started by hawvigne in C:\MockProject\spring-petclinic-mockproject\owner-service)
2022-11-03 08:55:31.565  INFO 24768 --- [main] com.demo.spring.OwnerRestControllerTest  : No active profile set, falling back to 1 default profile: "default"
2022-11-03 08:55:31.580  INFO 24768 --- [main] o.s.c.c.c.ConfigServerConfigDataLoader   : Fetching config from server at : http://localhost:8888/
2022-11-03 08:55:31.581  INFO 24768 --- [main] o.s.c.c.c.ConfigServerConfigDataLoader   : Located environment: name=owner-service, profiles=[default], label=null, version=3764ca5853dfd012234306a56dbba6e840569ec7, state=null
2022-11-03 08:55:32.614  INFO 24768 --- [main] .s.d.r.c.RepositoryConfigurationDelegate : Bootstrapping Spring Data JPA repositories in DEFAULT mode.
2022-11-03 08:55:32.762  INFO 24768 --- [main] .s.d.r.c.RepositoryConfigurationDelegate : Finished Spring Data repository scanning in 141 ms. Found 2 JPA repository interfaces.
2022-11-03 08:55:33.067  INFO 24768 --- [main] o.s.cloud.context.scope.GenericScope     : BeanFactory id=5d11e97b-1e30-36c1-8b0a-52911a370be5
2022-11-03 08:55:35.173  INFO 24768 --- [main] o.s.b.w.embedded.tomcat.TomcatWebServer  : Tomcat initialized with port(s): 0 (http)
2022-11-03 08:55:35.191  INFO 24768 --- [main] o.apache.catalina.core.StandardService   : Starting service [Tomcat]
2022-11-03 08:55:35.192  INFO 24768 --- [main] org.apache.catalina.core.StandardEngine  : Starting Servlet engine: [Apache Tomcat/9.0.65]
2022-11-03 08:55:35.526  INFO 24768 --- [main] o.a.c.c.C.[Tomcat].[localhost].[/]       : Initializing Spring embedded WebApplicationContext
2022-11-03 08:55:35.526  INFO 24768 --- [main] w.s.c.ServletWebServerApplicationContext : Root WebApplicationContext: initialization completed in 3944 ms
2022-11-03 08:55:36.490  INFO 24768 --- [main] o.hibernate.jpa.internal.util.LogHelper  : HHH000204: Processing PersistenceUnitInfo [name: default]
2022-11-03 08:55:36.589  INFO 24768 --- [main] org.hibernate.Version                    : HHH000412: Hibernate ORM core version 5.6.11.Final
2022-11-03 08:55:36.686  INFO 24768 --- [main] o.hibernate.annotations.common.Version   : HCANN000001: Hibernate Commons Annotations {5.1.2.Final}
2022-11-03 08:55:36.869  INFO 24768 --- [main] com.zaxxer.hikari.HikariDataSource       : HikariPool-1 - Starting...
2022-11-03 08:55:36.983  INFO 24768 --- [main] com.zaxxer.hikari.HikariDataSource       : HikariPool-1 - Start completed.
2022-11-03 08:55:37.031  INFO 24768 --- [main] org.hibernate.dialect.Dialect            : HHH000400: Using dialect: org.hibernate.dialect.MariaDB106Dialect
2022-11-03 08:55:37.816  INFO 24768 --- [main] o.h.e.t.j.p.i.JtaPlatformInitiator       : HHH000490: Using JtaPlatform implementation: [org.hibernate.engine.transaction.jta.platform.internal.NoJtaPlatform]
2022-11-03 08:55:37.826  INFO 24768 --- [main] j.LocalContainerEntityManagerFactoryBean : Initialized JPA EntityManagerFactory for persistence unit 'default'
2022-11-03 08:55:38.216  WARN 24768 --- [main] JpaBaseConfiguration$JpaWebConfiguration : spring.jpa.open-in-view is enabled by default. Therefore, database queries may be performed during view rendering. Explicitly configure spring.jpa.open-in-view to disable this warning
2022-11-03 08:55:41.778  INFO 24768 --- [main] o.s.cloud.commons.util.InetUtils         : Cannot determine local hostname
2022-11-03 08:55:42.424  INFO 24768 --- [main] o.a.c.c.C.[Tomcat].[localhost].[/]       : Initializing Spring TestDispatcherServlet ''
2022-11-03 08:55:42.425  INFO 24768 --- [main] o.s.t.web.servlet.TestDispatcherServlet  : Initializing Servlet ''
2022-11-03 08:55:42.447  INFO 24768 --- [main] o.s.b.a.e.web.EndpointLinksResolver      : Exposing 1 endpoint(s) beneath base path '/actuator'
2022-11-03 08:55:42.521  INFO 24768 --- [main] o.s.t.web.servlet.TestDispatcherServlet  : Completed initialization in 95 ms
2022-11-03 08:55:43.863  INFO 24768 --- [main] o.s.cloud.commons.util.InetUtils         : Cannot determine local hostname
2022-11-03 08:55:43.914  INFO 24768 --- [main] DiscoveryClientOptionalArgsConfiguration : Eureka HTTP Client uses RestTemplate.
2022-11-03 08:55:44.191  WARN 24768 --- [main] iguration$LoadBalancerCaffeineWarnLogger : Spring Cloud LoadBalancer is currently working with the default cache. While this cache implementation is useful for development and tests, it's recommended to use Caffeine cache in production.You can switch to using Caffeine cache, by adding it and org.springframework.cache.caffeine.CaffeineCacheManager to the classpath.
2022-11-03 08:55:44.578  INFO 24768 --- [main] o.s.b.w.embedded.tomcat.TomcatWebServer  : Tomcat started on port(s): 59899 (http) with context path ''
2022-11-03 08:55:44.580  INFO 24768 --- [main] .s.c.n.e.s.EurekaAutoServiceRegistration : Updating port to 59899
2022-11-03 08:55:44.589  INFO 24768 --- [main] o.s.c.n.eureka.InstanceInfoFactory       : Setting initial instance status as: STARTING
2022-11-03 08:55:44.704  INFO 24768 --- [main] com.netflix.discovery.DiscoveryClient    : Initializing Eureka in region us-east-1
2022-11-03 08:55:44.713  INFO 24768 --- [main] c.n.d.s.r.aws.ConfigClusterResolver      : Resolving eureka endpoints via configuration
2022-11-03 08:55:44.773  INFO 24768 --- [main] com.netflix.discovery.DiscoveryClient    : Disable delta property : false
2022-11-03 08:55:44.774  INFO 24768 --- [main] com.netflix.discovery.DiscoveryClient    : Single vip registry refresh property : null
2022-11-03 08:55:44.774  INFO 24768 --- [main] com.netflix.discovery.DiscoveryClient    : Force full registry fetch : false
2022-11-03 08:55:44.774  INFO 24768 --- [main] com.netflix.discovery.DiscoveryClient    : Application is null : false
2022-11-03 08:55:44.774  INFO 24768 --- [main] com.netflix.discovery.DiscoveryClient    : Registered Applications size is zero : true
2022-11-03 08:55:44.775  INFO 24768 --- [main] com.netflix.discovery.DiscoveryClient    : Application version is -1: true
2022-11-03 08:55:44.775  INFO 24768 --- [main] com.netflix.discovery.DiscoveryClient    : Getting all instance registry info from the eureka server
2022-11-03 08:55:44.972  INFO 24768 --- [main] com.netflix.discovery.DiscoveryClient    : The response status is 200
2022-11-03 08:55:44.978  INFO 24768 --- [main] com.netflix.discovery.DiscoveryClient    : Starting heartbeat executor: renew interval is: 30
2022-11-03 08:55:44.983  INFO 24768 --- [main] c.n.discovery.InstanceInfoReplicator     : InstanceInfoReplicator onDemand update allowed rate per min is 4
2022-11-03 08:55:44.993  INFO 24768 --- [main] com.netflix.discovery.DiscoveryClient    : Discovery Client initialized at timestamp 1667445944991 with initial instances count: 4
2022-11-03 08:55:45.002  INFO 24768 --- [main] o.s.c.n.e.s.EurekaServiceRegistry        : Registering application OWNER-SERVICE with eureka with status UP
2022-11-03 08:55:45.004  INFO 24768 --- [main] com.netflix.discovery.DiscoveryClient    : Saw local status change event StatusChangeEvent [timestamp=1667445945004, current=UP, previous=STARTING]
2022-11-03 08:55:45.007  INFO 24768 --- [DiscoveryClient-InstanceInfoReplicator-0] com.netflix.discovery.DiscoveryClient    : DiscoveryClient_OWNER-SERVICE/localhost:owner-service:0: registering service...
2022-11-03 08:55:45.101  INFO 24768 --- [DiscoveryClient-InstanceInfoReplicator-0] com.netflix.discovery.DiscoveryClient    : DiscoveryClient_OWNER-SERVICE/localhost:owner-service:0 - registration status: 204
2022-11-03 08:55:46.505  INFO 24768 --- [main] o.s.cloud.commons.util.InetUtils         : Cannot determine local hostname
2022-11-03 08:55:46.531  INFO 24768 --- [main] com.demo.spring.OwnerRestControllerTest  : Started OwnerRestControllerTest in 20.452 seconds (JVM running for 21.476)
2022-11-03 08:55:46.782 ERROR 24768 --- [main] com.demo.spring.service.OwnerService     : Owner is not registered!!!
2022-11-03 08:55:46.934  INFO 24768 --- [main] com.demo.spring.service.OwnerService     : Owner created successfully:Vignesh
2022-11-03 08:55:46.960 ERROR 24768 --- [main] com.demo.spring.service.OwnerService     : Owner is already present
2022-11-03 08:55:46.981  INFO 24768 --- [main] com.demo.spring.service.OwnerService     : Owner has been deleted successfully with ownerId:105
2022-11-03 08:55:46.999  INFO 24768 --- [main] com.demo.spring.service.OwnerService     : List of all oweners with their pets retrived successfully..
2022-11-03 08:55:47.024  INFO 24768 --- [main] com.demo.spring.service.OwnerService     : Retrieving details of the Owner with ownerid101
2022-11-03 08:55:47.050  INFO 24768 --- [main] com.demo.spring.service.OwnerService     : Pet has been added to owner sucsessfully with petName:Dollar
2022-11-03 08:55:47.066 ERROR 24768 --- [main] com.demo.spring.service.OwnerService     : Owner doesnt exist!!!
2022-11-03 08:55:47.087  INFO 24768 --- [main] com.demo.spring.service.OwnerService     : Owner with ownerId:103 has updated city:Mumbai
2022-11-03 08:55:47.105 ERROR 24768 --- [main] com.demo.spring.service.OwnerService     : Owner is not registered!!!
2022-11-03 08:55:47.120 ERROR 24768 --- [main] com.demo.spring.service.OwnerService     : Owner has not been found!!!
2022-11-03 08:55:47.138  INFO 24768 --- [main] com.demo.spring.service.OwnerService     : Pet with petId:11 has been removed from owner
2022-11-03 08:55:47.151 ERROR 24768 --- [main] com.demo.spring.service.OwnerService     : Owner has not been registered!!!
2022-11-03 08:55:47.169  INFO 24768 --- [SpringApplicationShutdownHook] o.s.c.n.e.s.EurekaServiceRegistry        : Unregistering application OWNER-SERVICE with eureka with status DOWN
2022-11-03 08:55:47.170  INFO 24768 --- [SpringApplicationShutdownHook] com.netflix.discovery.DiscoveryClient    : Saw local status change event StatusChangeEvent [timestamp=1667445947170, current=DOWN, previous=UP]
2022-11-03 08:55:47.170  INFO 24768 --- [DiscoveryClient-InstanceInfoReplicator-0] com.netflix.discovery.DiscoveryClient    : DiscoveryClient_OWNER-SERVICE/localhost:owner-service:0: registering service...
2022-11-03 08:55:47.187  INFO 24768 --- [DiscoveryClient-InstanceInfoReplicator-0] com.netflix.discovery.DiscoveryClient    : DiscoveryClient_OWNER-SERVICE/localhost:owner-service:0 - registration status: 204
2022-11-03 08:55:47.535  INFO 24768 --- [SpringApplicationShutdownHook] j.LocalContainerEntityManagerFactoryBean : Closing JPA EntityManagerFactory for persistence unit 'default'
2022-11-03 08:55:47.541  INFO 24768 --- [SpringApplicationShutdownHook] com.zaxxer.hikari.HikariDataSource       : HikariPool-1 - Shutdown initiated...
2022-11-03 08:55:47.552  INFO 24768 --- [SpringApplicationShutdownHook] com.zaxxer.hikari.HikariDataSource       : HikariPool-1 - Shutdown completed.
2022-11-03 08:55:47.553  INFO 24768 --- [SpringApplicationShutdownHook] com.netflix.discovery.DiscoveryClient    : Shutting down DiscoveryClient ...
2022-11-03 08:55:50.565  INFO 24768 --- [SpringApplicationShutdownHook] com.netflix.discovery.DiscoveryClient    : Unregistering ...
2022-11-03 08:55:50.585  INFO 24768 --- [SpringApplicationShutdownHook] com.netflix.discovery.DiscoveryClient    : DiscoveryClient_OWNER-SERVICE/localhost:owner-service:0 - deregister  status: 200
2022-11-03 08:55:50.598  INFO 24768 --- [SpringApplicationShutdownHook] com.netflix.discovery.DiscoveryClient    : Completed shut down of DiscoveryClient
2022-11-03 08:59:59.104  INFO 25656 --- [AsyncResolver-bootstrap-executor-0] c.n.d.s.r.aws.ConfigClusterResolver      : Resolving eureka endpoints via configuration
2022-11-03 09:04:59.109  INFO 25656 --- [AsyncResolver-bootstrap-executor-0] c.n.d.s.r.aws.ConfigClusterResolver      : Resolving eureka endpoints via configuration
2022-11-03 09:09:59.118  INFO 25656 --- [AsyncResolver-bootstrap-executor-0] c.n.d.s.r.aws.ConfigClusterResolver      : Resolving eureka endpoints via configuration
2022-11-03 09:14:59.133  INFO 25656 --- [AsyncResolver-bootstrap-executor-0] c.n.d.s.r.aws.ConfigClusterResolver      : Resolving eureka endpoints via configuration
2022-11-03 09:19:59.140  INFO 25656 --- [AsyncResolver-bootstrap-executor-0] c.n.d.s.r.aws.ConfigClusterResolver      : Resolving eureka endpoints via configuration
2022-11-03 09:24:59.142  INFO 25656 --- [AsyncResolver-bootstrap-executor-0] c.n.d.s.r.aws.ConfigClusterResolver      : Resolving eureka endpoints via configuration
2022-11-03 09:29:59.152  INFO 25656 --- [AsyncResolver-bootstrap-executor-0] c.n.d.s.r.aws.ConfigClusterResolver      : Resolving eureka endpoints via configuration
2022-11-03 09:34:59.160  INFO 25656 --- [AsyncResolver-bootstrap-executor-0] c.n.d.s.r.aws.ConfigClusterResolver      : Resolving eureka endpoints via configuration
2022-11-03 09:39:59.175  INFO 25656 --- [AsyncResolver-bootstrap-executor-0] c.n.d.s.r.aws.ConfigClusterResolver      : Resolving eureka endpoints via configuration
2022-11-03 09:44:59.179  INFO 25656 --- [AsyncResolver-bootstrap-executor-0] c.n.d.s.r.aws.ConfigClusterResolver      : Resolving eureka endpoints via configuration
2022-11-03 09:49:59.184  INFO 25656 --- [AsyncResolver-bootstrap-executor-0] c.n.d.s.r.aws.ConfigClusterResolver      : Resolving eureka endpoints via configuration
2022-11-03 09:54:59.195  INFO 25656 --- [AsyncResolver-bootstrap-executor-0] c.n.d.s.r.aws.ConfigClusterResolver      : Resolving eureka endpoints via configuration
2022-11-03 09:59:59.200  INFO 25656 --- [AsyncResolver-bootstrap-executor-0] c.n.d.s.r.aws.ConfigClusterResolver      : Resolving eureka endpoints via configuration
2022-11-03 10:04:59.203  INFO 25656 --- [AsyncResolver-bootstrap-executor-0] c.n.d.s.r.aws.ConfigClusterResolver      : Resolving eureka endpoints via configuration
2022-11-03 10:09:59.234  INFO 25656 --- [AsyncResolver-bootstrap-executor-0] c.n.d.s.r.aws.ConfigClusterResolver      : Resolving eureka endpoints via configuration
2022-11-03 10:14:59.252  INFO 25656 --- [AsyncResolver-bootstrap-executor-0] c.n.d.s.r.aws.ConfigClusterResolver      : Resolving eureka endpoints via configuration
2022-11-03 10:19:59.268  INFO 25656 --- [AsyncResolver-bootstrap-executor-0] c.n.d.s.r.aws.ConfigClusterResolver      : Resolving eureka endpoints via configuration
2022-11-03 10:24:59.275  INFO 25656 --- [AsyncResolver-bootstrap-executor-0] c.n.d.s.r.aws.ConfigClusterResolver      : Resolving eureka endpoints via configuration
2022-11-03 10:29:59.283  INFO 25656 --- [AsyncResolver-bootstrap-executor-0] c.n.d.s.r.aws.ConfigClusterResolver      : Resolving eureka endpoints via configuration
2022-11-03 10:34:59.292  INFO 25656 --- [AsyncResolver-bootstrap-executor-0] c.n.d.s.r.aws.ConfigClusterResolver      : Resolving eureka endpoints via configuration
2022-11-03 10:39:59.303  INFO 25656 --- [AsyncResolver-bootstrap-executor-0] c.n.d.s.r.aws.ConfigClusterResolver      : Resolving eureka endpoints via configuration
2022-11-03 10:44:59.312  INFO 25656 --- [AsyncResolver-bootstrap-executor-0] c.n.d.s.r.aws.ConfigClusterResolver      : Resolving eureka endpoints via configuration
2022-11-03 10:46:53.454  INFO 25656 --- [RMI TCP Connection(143)-127.0.0.1] inMXBeanRegistrar$SpringApplicationAdmin : Application shutdown requested.
2022-11-03 10:46:53.468  INFO 25656 --- [RMI TCP Connection(143)-127.0.0.1] o.s.c.n.e.s.EurekaServiceRegistry        : Unregistering application OWNER-SERVICE with eureka with status DOWN
2022-11-03 10:46:53.469  INFO 25656 --- [RMI TCP Connection(143)-127.0.0.1] com.netflix.discovery.DiscoveryClient    : Saw local status change event StatusChangeEvent [timestamp=1667452613469, current=DOWN, previous=UP]
2022-11-03 10:46:53.475  INFO 25656 --- [DiscoveryClient-InstanceInfoReplicator-0] com.netflix.discovery.DiscoveryClient    : DiscoveryClient_OWNER-SERVICE/localhost:owner-service:8181: registering service...
2022-11-03 10:46:53.654  INFO 25656 --- [DiscoveryClient-InstanceInfoReplicator-0] com.netflix.discovery.DiscoveryClient    : DiscoveryClient_OWNER-SERVICE/localhost:owner-service:8181 - registration status: 204
2022-11-03 10:46:55.653  INFO 25656 --- [RMI TCP Connection(143)-127.0.0.1] o.apache.catalina.core.StandardService   : Stopping service [Tomcat]
2022-11-03 10:46:55.667  INFO 25656 --- [RMI TCP Connection(143)-127.0.0.1] o.a.c.c.C.[Tomcat].[localhost].[/]       : Destroying Spring FrameworkServlet 'dispatcherServlet'
2022-11-03 10:46:55.751  INFO 25656 --- [RMI TCP Connection(143)-127.0.0.1] j.LocalContainerEntityManagerFactoryBean : Closing JPA EntityManagerFactory for persistence unit 'default'
2022-11-03 10:46:55.786  INFO 25656 --- [RMI TCP Connection(143)-127.0.0.1] com.zaxxer.hikari.HikariDataSource       : HikariPool-1 - Shutdown initiated...
2022-11-03 10:46:55.835  INFO 25656 --- [RMI TCP Connection(143)-127.0.0.1] com.zaxxer.hikari.HikariDataSource       : HikariPool-1 - Shutdown completed.
2022-11-03 10:46:55.841  INFO 25656 --- [RMI TCP Connection(143)-127.0.0.1] com.netflix.discovery.DiscoveryClient    : Shutting down DiscoveryClient ...
2022-11-03 10:46:58.864  INFO 25656 --- [RMI TCP Connection(143)-127.0.0.1] com.netflix.discovery.DiscoveryClient    : Unregistering ...
2022-11-03 10:46:58.881  INFO 25656 --- [RMI TCP Connection(143)-127.0.0.1] com.netflix.discovery.DiscoveryClient    : DiscoveryClient_OWNER-SERVICE/localhost:owner-service:8181 - deregister  status: 200
2022-11-03 10:46:58.898  INFO 25656 --- [RMI TCP Connection(143)-127.0.0.1] com.netflix.discovery.DiscoveryClient    : Completed shut down of DiscoveryClient
