2022-11-03 08:53:49.855  INFO 16584 --- [main] com.demo.spring.VetApplication           : Starting VetApplication using Java 11 on WKWIN1236584 with PID 16584 (C:\MockProject\spring-petclinic-mockproject\vet-service\target\classes started by hawvigne in C:\MockProject\spring-petclinic-mockproject\vet-service)
2022-11-03 08:53:49.867  INFO 16584 --- [main] com.demo.spring.VetApplication           : No active profile set, falling back to 1 default profile: "default"
2022-11-03 08:53:50.017  INFO 16584 --- [main] o.s.c.c.c.ConfigServerConfigDataLoader   : Fetching config from server at : http://localhost:8888/
2022-11-03 08:53:50.024  INFO 16584 --- [main] o.s.c.c.c.ConfigServerConfigDataLoader   : Connect Timeout Exception on Url - http://localhost:8888/. Will be trying the next url if available
2022-11-03 08:53:50.055  WARN 16584 --- [main] o.s.c.c.c.ConfigServerConfigDataLoader   : Could not locate PropertySource ([ConfigServerConfigDataResource@79a1728c uris = array<String>['http://localhost:8888/'], optional = true, profiles = list['default']]): I/O error on GET request for "http://localhost:8888/vet-service/default": Connection refused: connect; nested exception is java.net.ConnectException: Connection refused: connect
2022-11-03 08:53:56.880  INFO 16584 --- [main] .s.d.r.c.RepositoryConfigurationDelegate : Bootstrapping Spring Data JPA repositories in DEFAULT mode.
2022-11-03 08:53:57.435  INFO 16584 --- [main] .s.d.r.c.RepositoryConfigurationDelegate : Finished Spring Data repository scanning in 534 ms. Found 2 JPA repository interfaces.
2022-11-03 08:53:58.287  INFO 16584 --- [main] o.s.cloud.context.scope.GenericScope     : BeanFactory id=d0eaa2b2-67d8-3275-a721-e07d645ff55b
2022-11-03 08:54:00.400  INFO 16584 --- [main] o.s.b.w.embedded.tomcat.TomcatWebServer  : Tomcat initialized with port(s): 8187 (http)
2022-11-03 08:54:00.465  INFO 16584 --- [main] o.apache.catalina.core.StandardService   : Starting service [Tomcat]
2022-11-03 08:54:00.481  INFO 16584 --- [main] org.apache.catalina.core.StandardEngine  : Starting Servlet engine: [Apache Tomcat/9.0.65]
2022-11-03 08:54:01.265  INFO 16584 --- [main] o.a.c.c.C.[Tomcat].[localhost].[/]       : Initializing Spring embedded WebApplicationContext
2022-11-03 08:54:01.265  INFO 16584 --- [main] w.s.c.ServletWebServerApplicationContext : Root WebApplicationContext: initialization completed in 11205 ms
2022-11-03 08:54:01.516 ERROR 16584 --- [main] o.s.b.web.embedded.tomcat.TomcatStarter  : Error starting Tomcat context. Exception: org.springframework.beans.factory.UnsatisfiedDependencyException. Message: Error creating bean with name 'webMvcMetricsFilter' defined in class path resource [org/springframework/boot/actuate/autoconfigure/metrics/web/servlet/WebMvcMetricsAutoConfiguration.class]: Unsatisfied dependency expressed through method 'webMvcMetricsFilter' parameter 0; nested exception is org.springframework.beans.factory.BeanCreationException: Error creating bean with name 'prometheusMeterRegistry' defined in class path resource [org/springframework/boot/actuate/autoconfigure/metrics/export/prometheus/PrometheusMetricsExportAutoConfiguration.class]: Initialization of bean failed; nested exception is org.springframework.beans.factory.UnsatisfiedDependencyException: Error creating bean with name 'dataSourcePoolMetadataMeterBinder' defined in class path resource [org/springframework/boot/actuate/autoconfigure/metrics/jdbc/DataSourcePoolMetricsAutoConfiguration$DataSourcePoolMetadataMetricsConfiguration.class]: Unsatisfied dependency expressed through method 'dataSourcePoolMetadataMeterBinder' parameter 0; nested exception is org.springframework.beans.factory.BeanCreationException: Error creating bean with name 'dataSource' defined in class path resource [org/springframework/boot/autoconfigure/jdbc/DataSourceConfiguration$Hikari.class]: Bean instantiation via factory method failed; nested exception is org.springframework.beans.BeanInstantiationException: Failed to instantiate [com.zaxxer.hikari.HikariDataSource]: Factory method 'dataSource' threw exception; nested exception is org.springframework.boot.autoconfigure.jdbc.DataSourceProperties$DataSourceBeanCreationException: Failed to determine a suitable driver class
2022-11-03 08:54:01.612  INFO 16584 --- [main] o.apache.catalina.core.StandardService   : Stopping service [Tomcat]
2022-11-03 08:54:01.633  WARN 16584 --- [main] ConfigServletWebServerApplicationContext : Exception encountered during context initialization - cancelling refresh attempt: org.springframework.context.ApplicationContextException: Unable to start web server; nested exception is org.springframework.boot.web.server.WebServerException: Unable to start embedded Tomcat
2022-11-03 08:54:01.678  INFO 16584 --- [main] ConditionEvaluationReportLoggingListener : 

Error starting ApplicationContext. To display the conditions report re-run your application with 'debug' enabled.
2022-11-03 08:54:01.723 ERROR 16584 --- [main] o.s.b.d.LoggingFailureAnalysisReporter   : 

***************************
APPLICATION FAILED TO START
***************************

Description:

Failed to configure a DataSource: 'url' attribute is not specified and no embedded datasource could be configured.

Reason: Failed to determine a suitable driver class


Action:

Consider the following:
	If you want an embedded database (H2, HSQL or Derby), please put it on the classpath.
	If you have database settings to be loaded from a particular profile you may need to activate it (no profiles are currently active).

2022-11-03 08:54:58.185  INFO 24852 --- [main] com.demo.spring.VetApplication           : Starting VetApplication using Java 11 on WKWIN1236584 with PID 24852 (C:\MockProject\spring-petclinic-mockproject\vet-service\target\classes started by hawvigne in C:\MockProject\spring-petclinic-mockproject\vet-service)
2022-11-03 08:54:58.189  INFO 24852 --- [main] com.demo.spring.VetApplication           : No active profile set, falling back to 1 default profile: "default"
2022-11-03 08:54:58.236  INFO 24852 --- [main] o.s.c.c.c.ConfigServerConfigDataLoader   : Fetching config from server at : http://localhost:8888/
2022-11-03 08:54:58.236  INFO 24852 --- [main] o.s.c.c.c.ConfigServerConfigDataLoader   : Located environment: name=vet-service, profiles=[default], label=null, version=3764ca5853dfd012234306a56dbba6e840569ec7, state=null
2022-11-03 08:54:59.459  INFO 24852 --- [main] .s.d.r.c.RepositoryConfigurationDelegate : Bootstrapping Spring Data JPA repositories in DEFAULT mode.
2022-11-03 08:54:59.643  INFO 24852 --- [main] .s.d.r.c.RepositoryConfigurationDelegate : Finished Spring Data repository scanning in 173 ms. Found 2 JPA repository interfaces.
2022-11-03 08:54:59.896  INFO 24852 --- [main] o.s.cloud.context.scope.GenericScope     : BeanFactory id=d0eaa2b2-67d8-3275-a721-e07d645ff55b
2022-11-03 08:55:00.230  INFO 24852 --- [main] o.s.b.w.embedded.tomcat.TomcatWebServer  : Tomcat initialized with port(s): 8187 (http)
2022-11-03 08:55:00.242  INFO 24852 --- [main] o.apache.catalina.core.StandardService   : Starting service [Tomcat]
2022-11-03 08:55:00.243  INFO 24852 --- [main] org.apache.catalina.core.StandardEngine  : Starting Servlet engine: [Apache Tomcat/9.0.65]
2022-11-03 08:55:00.395  INFO 24852 --- [main] o.a.c.c.C.[Tomcat].[localhost].[/]       : Initializing Spring embedded WebApplicationContext
2022-11-03 08:55:00.395  INFO 24852 --- [main] w.s.c.ServletWebServerApplicationContext : Root WebApplicationContext: initialization completed in 2157 ms
2022-11-03 08:55:00.660  INFO 24852 --- [main] o.hibernate.jpa.internal.util.LogHelper  : HHH000204: Processing PersistenceUnitInfo [name: default]
2022-11-03 08:55:00.702  INFO 24852 --- [main] org.hibernate.Version                    : HHH000412: Hibernate ORM core version 5.6.11.Final
2022-11-03 08:55:00.825  INFO 24852 --- [main] o.hibernate.annotations.common.Version   : HCANN000001: Hibernate Commons Annotations {5.1.2.Final}
2022-11-03 08:55:00.898  INFO 24852 --- [main] com.zaxxer.hikari.HikariDataSource       : HikariPool-1 - Starting...
2022-11-03 08:55:00.964  INFO 24852 --- [main] com.zaxxer.hikari.HikariDataSource       : HikariPool-1 - Start completed.
2022-11-03 08:55:00.997  INFO 24852 --- [main] org.hibernate.dialect.Dialect            : HHH000400: Using dialect: org.hibernate.dialect.MariaDB106Dialect
2022-11-03 08:55:01.631  INFO 24852 --- [main] o.h.e.t.j.p.i.JtaPlatformInitiator       : HHH000490: Using JtaPlatform implementation: [org.hibernate.engine.transaction.jta.platform.internal.NoJtaPlatform]
2022-11-03 08:55:01.638  INFO 24852 --- [main] j.LocalContainerEntityManagerFactoryBean : Initialized JPA EntityManagerFactory for persistence unit 'default'
2022-11-03 08:55:02.030  WARN 24852 --- [main] JpaBaseConfiguration$JpaWebConfiguration : spring.jpa.open-in-view is enabled by default. Therefore, database queries may be performed during view rendering. Explicitly configure spring.jpa.open-in-view to disable this warning
2022-11-03 08:55:03.990  INFO 24852 --- [main] o.s.cloud.commons.util.InetUtils         : Cannot determine local hostname
2022-11-03 08:55:04.416  INFO 24852 --- [RMI TCP Connection(3)-127.0.0.1] o.a.c.c.C.[Tomcat].[localhost].[/]       : Initializing Spring DispatcherServlet 'dispatcherServlet'
2022-11-03 08:55:04.417  INFO 24852 --- [RMI TCP Connection(3)-127.0.0.1] o.s.web.servlet.DispatcherServlet        : Initializing Servlet 'dispatcherServlet'
2022-11-03 08:55:05.562  INFO 24852 --- [main] o.s.cloud.commons.util.InetUtils         : Cannot determine local hostname
2022-11-03 08:55:05.570  INFO 24852 --- [main] DiscoveryClientOptionalArgsConfiguration : Eureka HTTP Client uses RestTemplate.
2022-11-03 08:55:05.582  INFO 24852 --- [RMI TCP Connection(3)-127.0.0.1] o.s.b.a.e.web.EndpointLinksResolver      : Exposing 2 endpoint(s) beneath base path '/actuator'
2022-11-03 08:55:05.591  INFO 24852 --- [RMI TCP Connection(3)-127.0.0.1] o.s.web.servlet.DispatcherServlet        : Completed initialization in 1173 ms
2022-11-03 08:55:05.650  WARN 24852 --- [main] iguration$LoadBalancerCaffeineWarnLogger : Spring Cloud LoadBalancer is currently working with the default cache. While this cache implementation is useful for development and tests, it's recommended to use Caffeine cache in production.You can switch to using Caffeine cache, by adding it and org.springframework.cache.caffeine.CaffeineCacheManager to the classpath.
2022-11-03 08:55:05.707  INFO 24852 --- [main] o.s.c.n.eureka.InstanceInfoFactory       : Setting initial instance status as: STARTING
2022-11-03 08:55:05.740  INFO 24852 --- [main] com.netflix.discovery.DiscoveryClient    : Initializing Eureka in region us-east-1
2022-11-03 08:55:05.744  INFO 24852 --- [main] c.n.d.s.r.aws.ConfigClusterResolver      : Resolving eureka endpoints via configuration
2022-11-03 08:55:05.764  INFO 24852 --- [main] com.netflix.discovery.DiscoveryClient    : Disable delta property : false
2022-11-03 08:55:05.764  INFO 24852 --- [main] com.netflix.discovery.DiscoveryClient    : Single vip registry refresh property : null
2022-11-03 08:55:05.764  INFO 24852 --- [main] com.netflix.discovery.DiscoveryClient    : Force full registry fetch : false
2022-11-03 08:55:05.764  INFO 24852 --- [main] com.netflix.discovery.DiscoveryClient    : Application is null : false
2022-11-03 08:55:05.765  INFO 24852 --- [main] com.netflix.discovery.DiscoveryClient    : Registered Applications size is zero : true
2022-11-03 08:55:05.765  INFO 24852 --- [main] com.netflix.discovery.DiscoveryClient    : Application version is -1: true
2022-11-03 08:55:05.765  INFO 24852 --- [main] com.netflix.discovery.DiscoveryClient    : Getting all instance registry info from the eureka server
2022-11-03 08:55:05.966  INFO 24852 --- [main] com.netflix.discovery.DiscoveryClient    : The response status is 200
2022-11-03 08:55:05.969  INFO 24852 --- [main] com.netflix.discovery.DiscoveryClient    : Starting heartbeat executor: renew interval is: 30
2022-11-03 08:55:05.971  INFO 24852 --- [main] c.n.discovery.InstanceInfoReplicator     : InstanceInfoReplicator onDemand update allowed rate per min is 4
2022-11-03 08:55:05.975  INFO 24852 --- [main] com.netflix.discovery.DiscoveryClient    : Discovery Client initialized at timestamp 1667445905973 with initial instances count: 2
2022-11-03 08:55:05.976  INFO 24852 --- [main] o.s.c.n.e.s.EurekaServiceRegistry        : Registering application VET-SERVICE with eureka with status UP
2022-11-03 08:55:05.977  INFO 24852 --- [main] com.netflix.discovery.DiscoveryClient    : Saw local status change event StatusChangeEvent [timestamp=1667445905976, current=UP, previous=STARTING]
2022-11-03 08:55:05.979  INFO 24852 --- [DiscoveryClient-InstanceInfoReplicator-0] com.netflix.discovery.DiscoveryClient    : DiscoveryClient_VET-SERVICE/localhost:vet-service:8187: registering service...
2022-11-03 08:55:06.007  INFO 24852 --- [main] o.s.b.w.embedded.tomcat.TomcatWebServer  : Tomcat started on port(s): 8187 (http) with context path ''
2022-11-03 08:55:06.008  INFO 24852 --- [main] .s.c.n.e.s.EurekaAutoServiceRegistration : Updating port to 8187
2022-11-03 08:55:06.010  INFO 24852 --- [DiscoveryClient-InstanceInfoReplicator-0] com.netflix.discovery.DiscoveryClient    : DiscoveryClient_VET-SERVICE/localhost:vet-service:8187 - registration status: 204
2022-11-03 08:55:07.367  INFO 24852 --- [main] o.s.cloud.commons.util.InetUtils         : Cannot determine local hostname
2022-11-03 08:55:07.372  INFO 24852 --- [main] com.demo.spring.VetApplication           : Started VetApplication in 27.459 seconds (JVM running for 28.429)
2022-11-03 09:00:05.768  INFO 24852 --- [AsyncResolver-bootstrap-executor-0] c.n.d.s.r.aws.ConfigClusterResolver      : Resolving eureka endpoints via configuration
2022-11-03 09:05:05.778  INFO 24852 --- [AsyncResolver-bootstrap-executor-0] c.n.d.s.r.aws.ConfigClusterResolver      : Resolving eureka endpoints via configuration
2022-11-03 09:10:05.794  INFO 24852 --- [AsyncResolver-bootstrap-executor-0] c.n.d.s.r.aws.ConfigClusterResolver      : Resolving eureka endpoints via configuration
2022-11-03 09:12:13.662  INFO 24852 --- [http-nio-8187-exec-5] o.springdoc.api.AbstractOpenApiResource  : Init duration for springdoc-openapi is: 186 ms
2022-11-03 09:15:05.809  INFO 24852 --- [AsyncResolver-bootstrap-executor-0] c.n.d.s.r.aws.ConfigClusterResolver      : Resolving eureka endpoints via configuration
2022-11-03 09:20:05.817  INFO 24852 --- [AsyncResolver-bootstrap-executor-0] c.n.d.s.r.aws.ConfigClusterResolver      : Resolving eureka endpoints via configuration
2022-11-03 09:25:05.830  INFO 24852 --- [AsyncResolver-bootstrap-executor-0] c.n.d.s.r.aws.ConfigClusterResolver      : Resolving eureka endpoints via configuration
2022-11-03 09:30:05.834  INFO 24852 --- [AsyncResolver-bootstrap-executor-0] c.n.d.s.r.aws.ConfigClusterResolver      : Resolving eureka endpoints via configuration
2022-11-03 09:35:05.849  INFO 24852 --- [AsyncResolver-bootstrap-executor-0] c.n.d.s.r.aws.ConfigClusterResolver      : Resolving eureka endpoints via configuration
2022-11-03 09:40:05.858  INFO 24852 --- [AsyncResolver-bootstrap-executor-0] c.n.d.s.r.aws.ConfigClusterResolver      : Resolving eureka endpoints via configuration
2022-11-03 09:45:05.875  INFO 24852 --- [AsyncResolver-bootstrap-executor-0] c.n.d.s.r.aws.ConfigClusterResolver      : Resolving eureka endpoints via configuration
2022-11-03 09:50:05.877  INFO 24852 --- [AsyncResolver-bootstrap-executor-0] c.n.d.s.r.aws.ConfigClusterResolver      : Resolving eureka endpoints via configuration
2022-11-03 09:55:05.878  INFO 24852 --- [AsyncResolver-bootstrap-executor-0] c.n.d.s.r.aws.ConfigClusterResolver      : Resolving eureka endpoints via configuration
2022-11-03 10:00:05.891  INFO 24852 --- [AsyncResolver-bootstrap-executor-0] c.n.d.s.r.aws.ConfigClusterResolver      : Resolving eureka endpoints via configuration
2022-11-03 10:05:05.903  INFO 24852 --- [AsyncResolver-bootstrap-executor-0] c.n.d.s.r.aws.ConfigClusterResolver      : Resolving eureka endpoints via configuration
2022-11-03 10:10:05.911  INFO 24852 --- [AsyncResolver-bootstrap-executor-0] c.n.d.s.r.aws.ConfigClusterResolver      : Resolving eureka endpoints via configuration
2022-11-03 10:15:05.921  INFO 24852 --- [AsyncResolver-bootstrap-executor-0] c.n.d.s.r.aws.ConfigClusterResolver      : Resolving eureka endpoints via configuration
2022-11-03 10:20:05.996  INFO 24852 --- [AsyncResolver-bootstrap-executor-0] c.n.d.s.r.aws.ConfigClusterResolver      : Resolving eureka endpoints via configuration
2022-11-03 10:25:06.001  INFO 24852 --- [AsyncResolver-bootstrap-executor-0] c.n.d.s.r.aws.ConfigClusterResolver      : Resolving eureka endpoints via configuration
2022-11-03 10:30:06.014  INFO 24852 --- [AsyncResolver-bootstrap-executor-0] c.n.d.s.r.aws.ConfigClusterResolver      : Resolving eureka endpoints via configuration
2022-11-03 10:35:06.024  INFO 24852 --- [AsyncResolver-bootstrap-executor-0] c.n.d.s.r.aws.ConfigClusterResolver      : Resolving eureka endpoints via configuration
2022-11-03 10:40:06.089  INFO 24852 --- [AsyncResolver-bootstrap-executor-0] c.n.d.s.r.aws.ConfigClusterResolver      : Resolving eureka endpoints via configuration
2022-11-03 10:45:06.127  INFO 24852 --- [AsyncResolver-bootstrap-executor-0] c.n.d.s.r.aws.ConfigClusterResolver      : Resolving eureka endpoints via configuration
2022-11-03 10:46:53.493  INFO 24852 --- [RMI TCP Connection(144)-127.0.0.1] inMXBeanRegistrar$SpringApplicationAdmin : Application shutdown requested.
2022-11-03 10:46:53.525  INFO 24852 --- [RMI TCP Connection(144)-127.0.0.1] o.s.c.n.e.s.EurekaServiceRegistry        : Unregistering application VET-SERVICE with eureka with status DOWN
2022-11-03 10:46:53.528  INFO 24852 --- [RMI TCP Connection(144)-127.0.0.1] com.netflix.discovery.DiscoveryClient    : Saw local status change event StatusChangeEvent [timestamp=1667452613527, current=DOWN, previous=UP]
2022-11-03 10:46:53.533  INFO 24852 --- [DiscoveryClient-InstanceInfoReplicator-0] com.netflix.discovery.DiscoveryClient    : DiscoveryClient_VET-SERVICE/localhost:vet-service:8187: registering service...
2022-11-03 10:46:53.654  INFO 24852 --- [DiscoveryClient-InstanceInfoReplicator-0] com.netflix.discovery.DiscoveryClient    : DiscoveryClient_VET-SERVICE/localhost:vet-service:8187 - registration status: 204
2022-11-03 10:46:55.690  INFO 24852 --- [RMI TCP Connection(144)-127.0.0.1] o.apache.catalina.core.StandardService   : Stopping service [Tomcat]
2022-11-03 10:46:55.704  INFO 24852 --- [RMI TCP Connection(144)-127.0.0.1] o.a.c.c.C.[Tomcat].[localhost].[/]       : Destroying Spring FrameworkServlet 'dispatcherServlet'
2022-11-03 10:46:55.823  INFO 24852 --- [RMI TCP Connection(144)-127.0.0.1] j.LocalContainerEntityManagerFactoryBean : Closing JPA EntityManagerFactory for persistence unit 'default'
2022-11-03 10:46:55.864  INFO 24852 --- [RMI TCP Connection(144)-127.0.0.1] com.zaxxer.hikari.HikariDataSource       : HikariPool-1 - Shutdown initiated...
2022-11-03 10:46:55.917  INFO 24852 --- [RMI TCP Connection(144)-127.0.0.1] com.zaxxer.hikari.HikariDataSource       : HikariPool-1 - Shutdown completed.
2022-11-03 10:46:55.921  INFO 24852 --- [RMI TCP Connection(144)-127.0.0.1] com.netflix.discovery.DiscoveryClient    : Shutting down DiscoveryClient ...
2022-11-03 10:46:58.935  INFO 24852 --- [RMI TCP Connection(144)-127.0.0.1] com.netflix.discovery.DiscoveryClient    : Unregistering ...
2022-11-03 10:46:58.950  INFO 24852 --- [RMI TCP Connection(144)-127.0.0.1] com.netflix.discovery.DiscoveryClient    : DiscoveryClient_VET-SERVICE/localhost:vet-service:8187 - deregister  status: 200
2022-11-03 10:46:58.960  INFO 24852 --- [RMI TCP Connection(144)-127.0.0.1] com.netflix.discovery.DiscoveryClient    : Completed shut down of DiscoveryClient
